<?xml version="1.0" encoding="UTF-8"?>
<!-- Generated by org.testng.reporters.JUnitXMLReporter -->
<testsuite hostname="DESKTOP-DE6CKH6" ignored="0" name="Regression1" tests="5" failures="1" timestamp="14 ماي 2018 11:40:32 GMT" time="76.136" errors="0">
  <testcase name="@AfterClass logout" time="20.485" classname="InstaSalla.UserApp.EditProfile">
    <failure type="java.lang.IndexOutOfBoundsException" message="Index: 3, Size: 0">
      <![CDATA[java.lang.IndexOutOfBoundsException: Index: 3, Size: 0
at java.util.ArrayList.rangeCheck(Unknown Source)
at java.util.ArrayList.get(Unknown Source)
at InstaSalla.UserApp.EditProfile.logout(EditProfile.java:81)
... Removed 26 stack frames]]>
    </failure>
  </testcase> <!-- @AfterClass logout -->
  <testcase name="@AfterTest takeScreenshots" time="0.0" classname="InstaSalla.UserApp.EditProfile">
    <skipped/>
  </testcase> <!-- @AfterTest takeScreenshots -->
  <testcase name="login" time="14.141" classname="InstaSalla.UserApp.Login"/>
  <testcase name="selectAddress" time="3.271" classname="InstaSalla.UserApp.ChooseStore"/>
  <testcase name="editProfile" time="20.462" classname="InstaSalla.UserApp.EditProfile">
    <failure type="java.lang.IndexOutOfBoundsException" message="Index: 3, Size: 0">
      <![CDATA[java.lang.IndexOutOfBoundsException: Index: 3, Size: 0
at java.util.ArrayList.rangeCheck(Unknown Source)
at java.util.ArrayList.get(Unknown Source)
at InstaSalla.UserApp.EditProfile.editProfile(EditProfile.java:47)
... Removed 25 stack frames]]>
    </failure>
  </testcase> <!-- editProfile -->
  <testcase name="filter" time="1.347" classname="InstaSalla.UserApp.ChooseStore"/>
  <testcase name="chooseStore" time="1.052" classname="InstaSalla.UserApp.ChooseStore"/>
</testsuite> <!-- Regression1 -->
